#
# There is insufficient memory for the Java Runtime Environment to continue.
# Native memory allocation (malloc) failed to allocate 32744 bytes. Error detail: ChunkPool::allocate
# Possible reasons:
#   The system is out of physical RAM or swap space
#   This process is running with CompressedOops enabled, and the Java Heap may be blocking the growth of the native heap
# Possible solutions:
#   Reduce memory load on the system
#   Increase physical memory or swap space
#   Check if swap backing store is full
#   Decrease Java heap size (-Xmx/-Xms)
#   Decrease number of Java threads
#   Decrease Java thread stack sizes (-Xss)
#   Set larger code cache with -XX:ReservedCodeCacheSize=
#   JVM is running with Unscaled Compressed Oops mode in which the Java heap is
#     placed in the first 4GB address space. The Java Heap base address is the
#     maximum limit for the native heap growth. Please use -XX:HeapBaseMinAddress
#     to set the Java Heap base and to place the Java Heap above 4GB virtual address.
# This output file may be truncated or incomplete.
#
#  Out of Memory Error (arena.cpp:79), pid=21812, tid=22896
#
# JRE version: OpenJDK Runtime Environment Microsoft-10376486 (17.0.13+11) (build 17.0.13+11-LTS)
# Java VM: OpenJDK 64-Bit Server VM Microsoft-10376486 (17.0.13+11-LTS, mixed mode, sharing, tiered, compressed oops, compressed class ptrs, g1 gc, windows-amd64)
# No core dump will be written. Minidumps are not enabled by default on client versions of Windows
#

---------------  S U M M A R Y ------------

Command Line: -Xmx64m -Xms64m -Dorg.gradle.appname=gradlew org.gradle.wrapper.GradleWrapperMain app:installDebug -PreactNativeDevServerPort=8081

Host: 11th Gen Intel(R) Core(TM) i7-11370H @ 3.30GHz, 8 cores, 15G,  Windows 11 , 64 bit Build 26100 (10.0.26100.3323)
Time: Mon Mar 31 05:23:24 2025 India Standard Time elapsed time: 72.366438 seconds (0d 0h 1m 12s)

---------------  T H R E A D  ---------------

Current thread (0x000001219c84b8c0):  JavaThread "C1 CompilerThread0" daemon [_thread_in_vm, id=22896, stack(0x0000001290700000,0x0000001290800000)]


Current CompileTask:
C1:  72366 1929       3       java.lang.invoke.MethodHandleNatives::isCallerSensitive (29 bytes)

Stack: [0x0000001290700000,0x0000001290800000]
Native frames: (J=compiled Java code, j=interpreted, Vv=VM code, C=native code)
V  [jvm.dll+0x687fc9]
V  [jvm.dll+0x83eeb8]
V  [jvm.dll+0x840963]
V  [jvm.dll+0x840fd3]
V  [jvm.dll+0x24951f]
V  [jvm.dll+0xad2cc]
V  [jvm.dll+0xad75c]
V  [jvm.dll+0x1d5bbb]
V  [jvm.dll+0x1c2df5]
V  [jvm.dll+0x22a06f]
V  [jvm.dll+0x22830b]
V  [jvm.dll+0x7f4708]
V  [jvm.dll+0x7eea6c]
V  [jvm.dll+0x686ea7]
C  [ucrtbase.dll+0x37b0]
C  [KERNEL32.DLL+0x2e8d7]
C  [ntdll.dll+0xbbf6c]


---------------  P R O C E S S  ---------------

Threads class SMR info:
_java_thread_list=0x00000121e2b92280, length=13, elements={
0x0000012180ace950, 0x0000012182edab80, 0x0000012182edd2c0, 0x000001219c842850,
0x000001219c845320, 0x000001219c846850, 0x000001219c847d80, 0x000001219c84a690,
0x000001219c84b8c0, 0x000001219c84d960, 0x000001219c999a00, 0x000001219c9a4b60,
0x00000121e2fea030
}

Java Threads: ( => current thread )
  0x0000012180ace950 JavaThread "main" [_thread_blocked, id=13556, stack(0x000000128f900000,0x000000128fa00000)]
  0x0000012182edab80 JavaThread "Reference Handler" daemon [_thread_blocked, id=25564, stack(0x0000001290000000,0x0000001290100000)]
  0x0000012182edd2c0 JavaThread "Finalizer" daemon [_thread_blocked, id=16528, stack(0x0000001290100000,0x0000001290200000)]
  0x000001219c842850 JavaThread "Signal Dispatcher" daemon [_thread_blocked, id=25948, stack(0x0000001290200000,0x0000001290300000)]
  0x000001219c845320 JavaThread "Attach Listener" daemon [_thread_blocked, id=22456, stack(0x0000001290300000,0x0000001290400000)]
  0x000001219c846850 JavaThread "Service Thread" daemon [_thread_blocked, id=15344, stack(0x0000001290400000,0x0000001290500000)]
  0x000001219c847d80 JavaThread "Monitor Deflation Thread" daemon [_thread_blocked, id=5276, stack(0x0000001290500000,0x0000001290600000)]
  0x000001219c84a690 JavaThread "C2 CompilerThread0" daemon [_thread_in_native, id=4492, stack(0x0000001290600000,0x0000001290700000)]
=>0x000001219c84b8c0 JavaThread "C1 CompilerThread0" daemon [_thread_in_vm, id=22896, stack(0x0000001290700000,0x0000001290800000)]
  0x000001219c84d960 JavaThread "Sweeper thread" daemon [_thread_blocked, id=23656, stack(0x0000001290800000,0x0000001290900000)]
  0x000001219c999a00 JavaThread "Notification Thread" daemon [_thread_blocked, id=25284, stack(0x0000001290900000,0x0000001290a00000)]
  0x000001219c9a4b60 JavaThread "Common-Cleaner" daemon [_thread_blocked, id=26348, stack(0x0000001290b00000,0x0000001290c00000)]
  0x00000121e2fea030 JavaThread "pool-1-thread-1" [_thread_blocked, id=1752, stack(0x0000001291100000,0x0000001291200000)]

Other Threads:
  0x0000012182ed46d0 VMThread "VM Thread" [stack: 0x000000128ff00000,0x0000001290000000] [id=17020] _threads_hazard_ptr=0x00000121e2b92280
  0x000001219c99bef0 WatcherThread [stack: 0x0000001290a00000,0x0000001290b00000] [id=26516]
  0x0000012182e4d700 GCTaskThread "GC Thread#0" [stack: 0x000000128fa00000,0x000000128fb00000] [id=5032]
  0x00000121e20f3620 GCTaskThread "GC Thread#1" [stack: 0x0000001290e00000,0x0000001290f00000] [id=12432]
  0x00000121e2326350 GCTaskThread "GC Thread#2" [stack: 0x0000001290f00000,0x0000001291000000] [id=25684]
  0x00000121e2356390 GCTaskThread "GC Thread#3" [stack: 0x0000001291000000,0x0000001291100000] [id=19540]
  0x00000121e2ba2500 GCTaskThread "GC Thread#4" [stack: 0x0000001290c00000,0x0000001290d00000] [id=12092]
  0x00000121e2ba1a00 GCTaskThread "GC Thread#5" [stack: 0x0000001290d00000,0x0000001290e00000] [id=20612]
  0x00000121e2ba27c0 GCTaskThread "GC Thread#6" [stack: 0x0000001291200000,0x0000001291300000] [id=25104]
  0x0000012182e4fe60 ConcurrentGCThread "G1 Main Marker" [stack: 0x000000128fb00000,0x000000128fc00000] [id=8132]
  0x0000012182e50880 ConcurrentGCThread "G1 Conc#0" [stack: 0x000000128fc00000,0x000000128fd00000] [id=21528]
  0x0000012182eb5bb0 ConcurrentGCThread "G1 Refine#0" [stack: 0x000000128fd00000,0x000000128fe00000] [id=21408]
  0x0000012182eb72b0 ConcurrentGCThread "G1 Service" [stack: 0x000000128fe00000,0x000000128ff00000] [id=16988]

Threads with active compile tasks:
C2 CompilerThread0    72381 1921 % !   4       java.io.BufferedReader::readLine @ 139 (327 bytes)
C1 CompilerThread0    72381 1929       3       java.lang.invoke.MethodHandleNatives::isCallerSensitive (29 bytes)

VM state: not at safepoint (normal execution)

VM Mutex/Monitor currently owned by a thread:  ([mutex/lock_event])
[0x0000012182e28c70] Compile_lock - owner thread: 0x0000012180ace950

Heap address: 0x00000000fc000000, size: 64 MB, Compressed Oops mode: 32-bit

CDS archive(s) mapped at: [0x000001219d000000-0x000001219dbb0000-0x000001219dbb0000), size 12255232, SharedBaseAddress: 0x000001219d000000, ArchiveRelocationMode: 1.
Compressed class space mapped at: 0x000001219e000000-0x00000121de000000, reserved size: 1073741824
Narrow klass base: 0x000001219d000000, Narrow klass shift: 0, Narrow klass range: 0x100000000

GC Precious Log:
 CPUs: 8 total, 8 available
 Memory: 16129M
 Large Page Support: Disabled
 NUMA Support: Disabled
 Compressed Oops: Enabled (32-bit)
 Heap Region Size: 1M
 Heap Min Capacity: 64M
 Heap Initial Capacity: 64M
 Heap Max Capacity: 64M
 Pre-touch: Disabled
 Parallel Workers: 8
 Concurrent Workers: 2
 Concurrent Refinement Workers: 8
 Periodic GC: Disabled

Heap:
 garbage-first heap   total 65536K, used 23908K [0x00000000fc000000, 0x0000000100000000)
  region size 1024K, 16 young (16384K), 4 survivors (4096K)
 Metaspace       used 10503K, committed 10688K, reserved 1114112K
  class space    used 1364K, committed 1408K, reserved 1048576K

Heap Regions: E=young(eden), S=young(survivor), O=old, HS=humongous(starts), HC=humongous(continues), CS=collection set, F=free, OA=open archive, CA=closed archive, TAMS=top-at-mark-start (previous, next)
|   0|0x00000000fc000000, 0x00000000fc100000, 0x00000000fc100000|100%| O|  |TAMS 0x00000000fc000000, 0x00000000fc000000| Untracked 
|   1|0x00000000fc100000, 0x00000000fc200000, 0x00000000fc200000|100%| O|  |TAMS 0x00000000fc100000, 0x00000000fc100000| Untracked 
|   2|0x00000000fc200000, 0x00000000fc300000, 0x00000000fc300000|100%|HS|  |TAMS 0x00000000fc200000, 0x00000000fc200000| Complete 
|   3|0x00000000fc300000, 0x00000000fc400000, 0x00000000fc400000|100%|HC|  |TAMS 0x00000000fc300000, 0x00000000fc300000| Complete 
|   4|0x00000000fc400000, 0x00000000fc500000, 0x00000000fc500000|100%|HC|  |TAMS 0x00000000fc400000, 0x00000000fc400000| Complete 
|   5|0x00000000fc500000, 0x00000000fc600000, 0x00000000fc600000|100%|HC|  |TAMS 0x00000000fc500000, 0x00000000fc500000| Complete 
|   6|0x00000000fc600000, 0x00000000fc700000, 0x00000000fc700000|100%| O|  |TAMS 0x00000000fc600000, 0x00000000fc600000| Untracked 
|   7|0x00000000fc700000, 0x00000000fc800000, 0x00000000fc800000|100%| O|  |TAMS 0x00000000fc700000, 0x00000000fc700000| Untracked 
|   8|0x00000000fc800000, 0x00000000fc88c000, 0x00000000fc900000| 54%| O|  |TAMS 0x00000000fc800000, 0x00000000fc800000| Untracked 
|   9|0x00000000fc900000, 0x00000000fc900000, 0x00000000fca00000|  0%| F|  |TAMS 0x00000000fc900000, 0x00000000fc900000| Untracked 
|  10|0x00000000fca00000, 0x00000000fca00000, 0x00000000fcb00000|  0%| F|  |TAMS 0x00000000fca00000, 0x00000000fca00000| Untracked 
|  11|0x00000000fcb00000, 0x00000000fcb00000, 0x00000000fcc00000|  0%| F|  |TAMS 0x00000000fcb00000, 0x00000000fcb00000| Untracked 
|  12|0x00000000fcc00000, 0x00000000fcc00000, 0x00000000fcd00000|  0%| F|  |TAMS 0x00000000fcc00000, 0x00000000fcc00000| Untracked 
|  13|0x00000000fcd00000, 0x00000000fcd00000, 0x00000000fce00000|  0%| F|  |TAMS 0x00000000fcd00000, 0x00000000fcd00000| Untracked 
|  14|0x00000000fce00000, 0x00000000fce00000, 0x00000000fcf00000|  0%| F|  |TAMS 0x00000000fce00000, 0x00000000fce00000| Untracked 
|  15|0x00000000fcf00000, 0x00000000fcf00000, 0x00000000fd000000|  0%| F|  |TAMS 0x00000000fcf00000, 0x00000000fcf00000| Untracked 
|  16|0x00000000fd000000, 0x00000000fd000000, 0x00000000fd100000|  0%| F|  |TAMS 0x00000000fd000000, 0x00000000fd000000| Untracked 
|  17|0x00000000fd100000, 0x00000000fd100000, 0x00000000fd200000|  0%| F|  |TAMS 0x00000000fd100000, 0x00000000fd100000| Untracked 
|  18|0x00000000fd200000, 0x00000000fd200000, 0x00000000fd300000|  0%| F|  |TAMS 0x00000000fd200000, 0x00000000fd200000| Untracked 
|  19|0x00000000fd300000, 0x00000000fd300000, 0x00000000fd400000|  0%| F|  |TAMS 0x00000000fd300000, 0x00000000fd300000| Untracked 
|  20|0x00000000fd400000, 0x00000000fd400000, 0x00000000fd500000|  0%| F|  |TAMS 0x00000000fd400000, 0x00000000fd400000| Untracked 
|  21|0x00000000fd500000, 0x00000000fd500000, 0x00000000fd600000|  0%| F|  |TAMS 0x00000000fd500000, 0x00000000fd500000| Untracked 
|  22|0x00000000fd600000, 0x00000000fd600000, 0x00000000fd700000|  0%| F|  |TAMS 0x00000000fd600000, 0x00000000fd600000| Untracked 
|  23|0x00000000fd700000, 0x00000000fd700000, 0x00000000fd800000|  0%| F|  |TAMS 0x00000000fd700000, 0x00000000fd700000| Untracked 
|  24|0x00000000fd800000, 0x00000000fd800000, 0x00000000fd900000|  0%| F|  |TAMS 0x00000000fd800000, 0x00000000fd800000| Untracked 
|  25|0x00000000fd900000, 0x00000000fd900000, 0x00000000fda00000|  0%| F|  |TAMS 0x00000000fd900000, 0x00000000fd900000| Untracked 
|  26|0x00000000fda00000, 0x00000000fda00000, 0x00000000fdb00000|  0%| F|  |TAMS 0x00000000fda00000, 0x00000000fda00000| Untracked 
|  27|0x00000000fdb00000, 0x00000000fdb00000, 0x00000000fdc00000|  0%| F|  |TAMS 0x00000000fdb00000, 0x00000000fdb00000| Untracked 
|  28|0x00000000fdc00000, 0x00000000fdc00000, 0x00000000fdd00000|  0%| F|  |TAMS 0x00000000fdc00000, 0x00000000fdc00000| Untracked 
|  29|0x00000000fdd00000, 0x00000000fdd00000, 0x00000000fde00000|  0%| F|  |TAMS 0x00000000fdd00000, 0x00000000fdd00000| Untracked 
|  30|0x00000000fde00000, 0x00000000fdecd198, 0x00000000fdf00000| 80%| S|CS|TAMS 0x00000000fde00000, 0x00000000fde00000| Complete 
|  31|0x00000000fdf00000, 0x00000000fe000000, 0x00000000fe000000|100%| S|CS|TAMS 0x00000000fdf00000, 0x00000000fdf00000| Complete 
|  32|0x00000000fe000000, 0x00000000fe100000, 0x00000000fe100000|100%| S|CS|TAMS 0x00000000fe000000, 0x00000000fe000000| Complete 
|  33|0x00000000fe100000, 0x00000000fe200000, 0x00000000fe200000|100%| S|CS|TAMS 0x00000000fe100000, 0x00000000fe100000| Complete 
|  34|0x00000000fe200000, 0x00000000fe200000, 0x00000000fe300000|  0%| F|  |TAMS 0x00000000fe200000, 0x00000000fe200000| Untracked 
|  35|0x00000000fe300000, 0x00000000fe300000, 0x00000000fe400000|  0%| F|  |TAMS 0x00000000fe300000, 0x00000000fe300000| Untracked 
|  36|0x00000000fe400000, 0x00000000fe400000, 0x00000000fe500000|  0%| F|  |TAMS 0x00000000fe400000, 0x00000000fe400000| Untracked 
|  37|0x00000000fe500000, 0x00000000fe500000, 0x00000000fe600000|  0%| F|  |TAMS 0x00000000fe500000, 0x00000000fe500000| Untracked 
|  38|0x00000000fe600000, 0x00000000fe600000, 0x00000000fe700000|  0%| F|  |TAMS 0x00000000fe600000, 0x00000000fe600000| Untracked 
|  39|0x00000000fe700000, 0x00000000fe700000, 0x00000000fe800000|  0%| F|  |TAMS 0x00000000fe700000, 0x00000000fe700000| Untracked 
|  40|0x00000000fe800000, 0x00000000fe800000, 0x00000000fe900000|  0%| F|  |TAMS 0x00000000fe800000, 0x00000000fe800000| Untracked 
|  41|0x00000000fe900000, 0x00000000fe900000, 0x00000000fea00000|  0%| F|  |TAMS 0x00000000fe900000, 0x00000000fe900000| Untracked 
|  42|0x00000000fea00000, 0x00000000fea00000, 0x00000000feb00000|  0%| F|  |TAMS 0x00000000fea00000, 0x00000000fea00000| Untracked 
|  43|0x00000000feb00000, 0x00000000feb00000, 0x00000000fec00000|  0%| F|  |TAMS 0x00000000feb00000, 0x00000000feb00000| Untracked 
|  44|0x00000000fec00000, 0x00000000fec00000, 0x00000000fed00000|  0%| F|  |TAMS 0x00000000fec00000, 0x00000000fec00000| Untracked 
|  45|0x00000000fed00000, 0x00000000fed00000, 0x00000000fee00000|  0%| F|  |TAMS 0x00000000fed00000, 0x00000000fed00000| Untracked 
|  46|0x00000000fee00000, 0x00000000fee00000, 0x00000000fef00000|  0%| F|  |TAMS 0x00000000fee00000, 0x00000000fee00000| Untracked 
|  47|0x00000000fef00000, 0x00000000fef00000, 0x00000000ff000000|  0%| F|  |TAMS 0x00000000fef00000, 0x00000000fef00000| Untracked 
|  48|0x00000000ff000000, 0x00000000ff000000, 0x00000000ff100000|  0%| F|  |TAMS 0x00000000ff000000, 0x00000000ff000000| Untracked 
|  49|0x00000000ff100000, 0x00000000ff100000, 0x00000000ff200000|  0%| F|  |TAMS 0x00000000ff100000, 0x00000000ff100000| Untracked 
|  50|0x00000000ff200000, 0x00000000ff200000, 0x00000000ff300000|  0%| F|  |TAMS 0x00000000ff200000, 0x00000000ff200000| Untracked 
|  51|0x00000000ff300000, 0x00000000ff300000, 0x00000000ff400000|  0%| F|  |TAMS 0x00000000ff300000, 0x00000000ff300000| Untracked 
|  52|0x00000000ff400000, 0x00000000ff500000, 0x00000000ff500000|100%| E|  |TAMS 0x00000000ff400000, 0x00000000ff400000| Complete 
|  53|0x00000000ff500000, 0x00000000ff600000, 0x00000000ff600000|100%| E|CS|TAMS 0x00000000ff500000, 0x00000000ff500000| Complete 
|  54|0x00000000ff600000, 0x00000000ff700000, 0x00000000ff700000|100%| E|CS|TAMS 0x00000000ff600000, 0x00000000ff600000| Complete 
|  55|0x00000000ff700000, 0x00000000ff800000, 0x00000000ff800000|100%| E|CS|TAMS 0x00000000ff700000, 0x00000000ff700000| Complete 
|  56|0x00000000ff800000, 0x00000000ff900000, 0x00000000ff900000|100%| E|CS|TAMS 0x00000000ff800000, 0x00000000ff800000| Complete 
|  57|0x00000000ff900000, 0x00000000ffa00000, 0x00000000ffa00000|100%| E|CS|TAMS 0x00000000ff900000, 0x00000000ff900000| Complete 
|  58|0x00000000ffa00000, 0x00000000ffb00000, 0x00000000ffb00000|100%| E|CS|TAMS 0x00000000ffa00000, 0x00000000ffa00000| Complete 
|  59|0x00000000ffb00000, 0x00000000ffc00000, 0x00000000ffc00000|100%| E|CS|TAMS 0x00000000ffb00000, 0x00000000ffb00000| Complete 
|  60|0x00000000ffc00000, 0x00000000ffd00000, 0x00000000ffd00000|100%| E|CS|TAMS 0x00000000ffc00000, 0x00000000ffc00000| Complete 
|  61|0x00000000ffd00000, 0x00000000ffe00000, 0x00000000ffe00000|100%| E|CS|TAMS 0x00000000ffd00000, 0x00000000ffd00000| Complete 
|  62|0x00000000ffe00000, 0x00000000fff00000, 0x00000000fff00000|100%| E|CS|TAMS 0x00000000ffe00000, 0x00000000ffe00000| Complete 
|  63|0x00000000fff00000, 0x0000000100000000, 0x0000000100000000|100%| E|CS|TAMS 0x00000000fff00000, 0x00000000fff00000| Complete 

Card table byte_map: [0x0000012180c10000,0x0000012180c30000] _byte_map_base: 0x0000012180430000

Marking Bits (Prev, Next): (CMBitMap*) 0x0000012182e4ed30, (CMBitMap*) 0x0000012182e4ed70
 Prev Bits: [0x0000012199c90000, 0x0000012199d90000)
 Next Bits: [0x0000012199d90000, 0x0000012199e90000)

Polling page: 0x0000012180bc0000

Metaspace:

Usage:
  Non-class:      8.92 MB used.
      Class:      1.33 MB used.
       Both:     10.26 MB used.

Virtual space:
  Non-class space:       64.00 MB reserved,       9.06 MB ( 14%) committed,  1 nodes.
      Class space:        1.00 GB reserved,       1.38 MB ( <1%) committed,  1 nodes.
             Both:        1.06 GB reserved,      10.44 MB ( <1%) committed. 

Chunk freelists:
   Non-Class:  6.31 MB
       Class:  14.44 MB
        Both:  20.75 MB

MaxMetaspaceSize: unlimited
CompressedClassSpaceSize: 1.00 GB
Initial GC threshold: 21.00 MB
Current GC threshold: 21.00 MB
CDS: on
MetaspaceReclaimPolicy: balanced
 - commit_granule_bytes: 65536.
 - commit_granule_words: 8192.
 - virtual_space_node_default_size: 8388608.
 - enlarge_chunks_in_place: 1.
 - new_chunks_are_fully_committed: 0.
 - uncommit_free_chunks: 1.
 - use_allocation_guard: 0.
 - handle_deallocations: 1.


Internal statistics:

num_allocs_failed_limit: 0.
num_arena_births: 88.
num_arena_deaths: 0.
num_vsnodes_births: 2.
num_vsnodes_deaths: 0.
num_space_committed: 167.
num_space_uncommitted: 0.
num_chunks_returned_to_freelist: 0.
num_chunks_taken_from_freelist: 377.
num_chunk_merges: 0.
num_chunk_splits: 239.
num_chunks_enlarged: 192.
num_inconsistent_stats: 0.

CodeHeap 'non-profiled nmethods': size=120000Kb used=845Kb max_used=845Kb free=119154Kb
 bounds [0x0000012192430000, 0x00000121926a0000, 0x0000012199960000]
CodeHeap 'profiled nmethods': size=120000Kb used=3671Kb max_used=3671Kb free=116328Kb
 bounds [0x000001218a960000, 0x000001218ad00000, 0x0000012191e90000]
CodeHeap 'non-nmethods': size=5760Kb used=1197Kb max_used=1214Kb free=4562Kb
 bounds [0x0000012191e90000, 0x0000012192100000, 0x0000012192430000]
 total_blobs=2413 nmethods=1927 adapters=399
 compilation: enabled
              stopped_count=0, restarted_count=0
 full_count=0

Compilation events (20 events):
Event: 72.360 Thread 0x000001219c84b8c0 1917       3       java.nio.CharBuffer::array (35 bytes)
Event: 72.360 Thread 0x000001219c84b8c0 nmethod 1917 0x000001218acf4490 code [0x000001218acf4660, 0x000001218acf4918]
Event: 72.360 Thread 0x000001219c84b8c0 1918       3       java.nio.ByteBuffer::hasArray (20 bytes)
Event: 72.360 Thread 0x000001219c84b8c0 nmethod 1918 0x000001218acf4a90 code [0x000001218acf4c20, 0x000001218acf4db8]
Event: 72.360 Thread 0x000001219c84b8c0 1919       1       com.google.common.collect.EvictingQueue::delegate (5 bytes)
Event: 72.360 Thread 0x000001219c84b8c0 nmethod 1919 0x0000012192502810 code [0x00000121925029a0, 0x0000012192502a78]
Event: 72.360 Thread 0x000001219c84b8c0 1920       3       com.google.common.base.Preconditions::checkNotNull (14 bytes)
Event: 72.361 Thread 0x000001219c84b8c0 nmethod 1920 0x000001218acf4e90 code [0x000001218acf5040, 0x000001218acf5228]
Event: 72.361 Thread 0x000001219c84a690 1921 % !   4       java.io.BufferedReader::readLine @ 139 (327 bytes)
Event: 72.361 Thread 0x000001219c84b8c0 1922       3       jdk.internal.org.objectweb.asm.SymbolTable::addConstantFieldref (10 bytes)
Event: 72.361 Thread 0x000001219c84b8c0 nmethod 1922 0x000001218acf5310 code [0x000001218acf54a0, 0x000001218acf55e8]
Event: 72.362 Thread 0x000001219c84b8c0 1924       3       jdk.internal.reflect.ConstructorAccessorImpl::<init> (5 bytes)
Event: 72.362 Thread 0x000001219c84b8c0 nmethod 1924 0x000001218acf5690 code [0x000001218acf5840, 0x000001218acf59f8]
Event: 72.363 Thread 0x000001219c84b8c0 1925       1       java.lang.invoke.DirectMethodHandle::isCrackable (5 bytes)
Event: 72.363 Thread 0x000001219c84b8c0 nmethod 1925 0x0000012192502e10 code [0x0000012192502fa0, 0x0000012192503078]
Event: 72.363 Thread 0x000001219c84b8c0 1926       3       jdk.internal.misc.CDS::isDumpingArchive (4 bytes)
Event: 72.363 Thread 0x000001219c84b8c0 nmethod 1926 0x000001218acf5b10 code [0x000001218acf5ca0, 0x000001218acf5d98]
Event: 72.363 Thread 0x000001219c84b8c0 1927       1       jdk.internal.reflect.NativeConstructorAccessorImpl::setParent (6 bytes)
Event: 72.363 Thread 0x000001219c84b8c0 nmethod 1927 0x0000012192503110 code [0x00000121925032a0, 0x00000121925033b8]
Event: 72.365 Thread 0x000001219c84b8c0 1929       3       java.lang.invoke.MethodHandleNatives::isCallerSensitive (29 bytes)

GC Heap History (4 events):
Event: 0.984 GC heap before
{Heap before GC invocations=0 (full 0):
 garbage-first heap   total 65536K, used 22528K [0x00000000fc000000, 0x0000000100000000)
  region size 1024K, 23 young (23552K), 0 survivors (0K)
 Metaspace       used 1839K, committed 1984K, reserved 1114112K
  class space    used 160K, committed 192K, reserved 1048576K
}
Event: 0.987 GC heap after
{Heap after GC invocations=1 (full 0):
 garbage-first heap   total 65536K, used 4280K [0x00000000fc000000, 0x0000000100000000)
  region size 1024K, 3 young (3072K), 3 survivors (3072K)
 Metaspace       used 1839K, committed 1984K, reserved 1114112K
  class space    used 160K, committed 192K, reserved 1048576K
}
Event: 1.940 GC heap before
{Heap before GC invocations=1 (full 0):
 garbage-first heap   total 65536K, used 36024K [0x00000000fc000000, 0x0000000100000000)
  region size 1024K, 30 young (30720K), 3 survivors (3072K)
 Metaspace       used 8100K, committed 8320K, reserved 1114112K
  class space    used 1102K, committed 1216K, reserved 1048576K
}
Event: 1.944 GC heap after
{Heap after GC invocations=2 (full 0):
 garbage-first heap   total 65536K, used 12644K [0x00000000fc000000, 0x0000000100000000)
  region size 1024K, 4 young (4096K), 4 survivors (4096K)
 Metaspace       used 8100K, committed 8320K, reserved 1114112K
  class space    used 1102K, committed 1216K, reserved 1048576K
}

Dll operation events (12 events):
Event: 0.010 Loaded shared library C:\Program Files\Microsoft\jdk-17.0.13.11-hotspot\bin\java.dll
Event: 0.034 Loaded shared library C:\Program Files\Microsoft\jdk-17.0.13.11-hotspot\bin\jsvml.dll
Event: 0.079 Loaded shared library C:\Program Files\Microsoft\jdk-17.0.13.11-hotspot\bin\net.dll
Event: 0.085 Loaded shared library C:\Program Files\Microsoft\jdk-17.0.13.11-hotspot\bin\nio.dll
Event: 0.090 Loaded shared library C:\Program Files\Microsoft\jdk-17.0.13.11-hotspot\bin\zip.dll
Event: 0.095 Loaded shared library C:\Program Files\Microsoft\jdk-17.0.13.11-hotspot\bin\verify.dll
Event: 0.899 Loaded shared library C:\Program Files\Microsoft\jdk-17.0.13.11-hotspot\bin\jimage.dll
Event: 1.362 Loaded shared library C:\Users\theju\.gradle\native\c067742578af261105cb4f569cf0c3c89f3d7b1fecec35dd04571415982c5e48\windows-amd64\native-platform.dll
Event: 1.485 Loaded shared library C:\Program Files\Microsoft\jdk-17.0.13.11-hotspot\bin\management.dll
Event: 1.486 Loaded shared library C:\Program Files\Microsoft\jdk-17.0.13.11-hotspot\bin\management_ext.dll
Event: 1.899 Loaded shared library C:\Program Files\Microsoft\jdk-17.0.13.11-hotspot\bin\extnet.dll
Event: 9.048 Loaded shared library C:\Program Files\Microsoft\jdk-17.0.13.11-hotspot\bin\sunmscapi.dll

Deoptimization events (20 events):
Event: 8.976 Thread 0x0000012180ace950 Uncommon trap: trap_request=0xffffffde fr.pc=0x00000121924d4acc relative=0x000000000000146c
Event: 8.976 Thread 0x0000012180ace950 Uncommon trap: reason=class_check action=maybe_recompile pc=0x00000121924d4acc method=java.io.DataInputStream.readUnsignedShort()I @ 6 c2
Event: 8.976 Thread 0x0000012180ace950 DEOPT PACKING pc=0x00000121924d4acc sp=0x000000128f9fcf40
Event: 8.976 Thread 0x0000012180ace950 DEOPT UNPACKING pc=0x0000012191eea1a3 sp=0x000000128f9fcea0 mode 2
Event: 8.976 Thread 0x0000012180ace950 Uncommon trap: trap_request=0xffffffde fr.pc=0x00000121924d4acc relative=0x000000000000146c
Event: 8.976 Thread 0x0000012180ace950 Uncommon trap: reason=class_check action=maybe_recompile pc=0x00000121924d4acc method=java.io.DataInputStream.readUnsignedShort()I @ 6 c2
Event: 8.976 Thread 0x0000012180ace950 DEOPT PACKING pc=0x00000121924d4acc sp=0x000000128f9fcf30
Event: 8.976 Thread 0x0000012180ace950 DEOPT UNPACKING pc=0x0000012191eea1a3 sp=0x000000128f9fce90 mode 2
Event: 9.012 Thread 0x0000012180ace950 Uncommon trap: trap_request=0xffffff45 fr.pc=0x00000121924771cc relative=0x00000000000001cc
Event: 9.012 Thread 0x0000012180ace950 Uncommon trap: reason=unstable_if action=reinterpret pc=0x00000121924771cc method=java.util.HashMap.putVal(ILjava/lang/Object;Ljava/lang/Object;ZZ)Ljava/lang/Object; @ 162 c2
Event: 9.012 Thread 0x0000012180ace950 DEOPT PACKING pc=0x00000121924771cc sp=0x000000128f9faea0
Event: 9.012 Thread 0x0000012180ace950 DEOPT UNPACKING pc=0x0000012191eea1a3 sp=0x000000128f9fadc8 mode 2
Event: 9.069 Thread 0x0000012180ace950 Uncommon trap: trap_request=0xffffff45 fr.pc=0x00000121924a3380 relative=0x0000000000000420
Event: 9.069 Thread 0x0000012180ace950 Uncommon trap: reason=unstable_if action=reinterpret pc=0x00000121924a3380 method=java.util.regex.Matcher.match(II)Z @ 76 c2
Event: 9.069 Thread 0x0000012180ace950 DEOPT PACKING pc=0x00000121924a3380 sp=0x000000128f9fc040
Event: 9.069 Thread 0x0000012180ace950 DEOPT UNPACKING pc=0x0000012191eea1a3 sp=0x000000128f9fbff8 mode 2
Event: 72.363 Thread 0x0000012180ace950 Uncommon trap: trap_request=0xffffff45 fr.pc=0x00000121924d92e4 relative=0x00000000000001c4
Event: 72.363 Thread 0x0000012180ace950 Uncommon trap: reason=unstable_if action=reinterpret pc=0x00000121924d92e4 method=java.net.URI$Parser.scan(IILjava/lang/String;)I @ 26 c2
Event: 72.363 Thread 0x0000012180ace950 DEOPT PACKING pc=0x00000121924d92e4 sp=0x000000128f9fcd70
Event: 72.363 Thread 0x0000012180ace950 DEOPT UNPACKING pc=0x0000012191eea1a3 sp=0x000000128f9fcd00 mode 2

Classes loaded (20 events):
Event: 72.353 Loading class sun/nio/fs/WindowsChannelFactory
Event: 72.353 Loading class sun/nio/fs/WindowsChannelFactory done
Event: 72.353 Loading class sun/nio/fs/WindowsChannelFactory$1
Event: 72.353 Loading class sun/nio/fs/WindowsChannelFactory$1 done
Event: 72.353 Loading class sun/nio/fs/WindowsChannelFactory$Flags
Event: 72.353 Loading class sun/nio/fs/WindowsChannelFactory$Flags done
Event: 72.353 Loading class sun/nio/fs/WindowsChannelFactory$2
Event: 72.353 Loading class sun/nio/fs/WindowsChannelFactory$2 done
Event: 72.356 Loading class sun/nio/ch/FileChannelImpl$Closer
Event: 72.356 Loading class sun/nio/ch/FileChannelImpl$Closer done
Event: 72.356 Loading class java/util/stream/Streams$1
Event: 72.357 Loading class java/util/stream/Streams$1 done
Event: 72.359 Loading class java/nio/file/FileChannelLinesSpliterator$1
Event: 72.359 Loading class java/nio/file/FileChannelLinesSpliterator$1 done
Event: 72.359 Loading class java/nio/channels/Channels
Event: 72.360 Loading class java/nio/channels/Channels done
Event: 72.362 Loading class java/lang/invoke/MethodHandle$1
Event: 72.363 Loading class java/lang/invoke/MethodHandle$1 done
Event: 72.365 Loading class java/util/concurrent/ConcurrentLinkedQueue$Itr
Event: 72.365 Loading class java/util/concurrent/ConcurrentLinkedQueue$Itr done

Classes unloaded (0 events):
No events

Classes redefined (0 events):
No events

Internal exceptions (20 events):
Event: 1.341 Thread 0x0000012180ace950 Exception <a 'java/lang/NoSuchMethodError'{0x00000000ff4469a8}: 'java.lang.Object java.lang.invoke.Invokers$Holder.invokeExact_MT(java.lang.Object, java.lang.Object, java.lang.Object, java.lang.Object)'> (0x00000000ff4469a8) 
thrown [s\src\hotspot\share\interpreter\linkResolver.cpp, line 759]
Event: 1.349 Thread 0x0000012180ace950 Exception <a 'java/lang/NoSuchMethodError'{0x00000000ff481198}: 'java.lang.Object java.lang.invoke.DirectMethodHandle$Holder.invokeVirtual(java.lang.Object, java.lang.Object, java.lang.Object)'> (0x00000000ff481198) 
thrown [s\src\hotspot\share\interpreter\linkResolver.cpp, line 759]
Event: 1.414 Thread 0x0000012180ace950 Exception <a 'java/lang/NoSuchMethodError'{0x00000000ff1df240}: 'java.lang.Object java.lang.invoke.DirectMethodHandle$Holder.newInvokeSpecial(java.lang.Object, java.lang.Object, java.lang.Object, java.lang.Object, java.lang.Object)'> (0x00000000ff1df240) 
thrown [s\src\hotspot\share\interpreter\linkResolver.cpp, line 759]
Event: 1.460 Thread 0x0000012180ace950 Exception <a 'java/lang/NoSuchMethodError'{0x00000000feeb47f8}: 'void java.lang.invoke.DirectMethodHandle$Holder.invokeSpecial(java.lang.Object, java.lang.Object, java.lang.Object)'> (0x00000000feeb47f8) 
thrown [s\src\hotspot\share\interpreter\linkResolver.cpp, line 759]
Event: 1.469 Thread 0x0000012180ace950 Implicit null exception at 0x0000012192496a8a to 0x0000012192496f80
Event: 1.469 Thread 0x0000012180ace950 Implicit null exception at 0x000001219247c40a to 0x000001219247c90c
Event: 1.483 Thread 0x0000012180ace950 Exception <a 'java/lang/NoSuchMethodError'{0x00000000fec2a408}: 'java.lang.Object java.lang.invoke.DirectMethodHandle$Holder.invokeStaticInit(java.lang.Object)'> (0x00000000fec2a408) 
thrown [s\src\hotspot\share\interpreter\linkResolver.cpp, line 759]
Event: 1.500 Thread 0x0000012180ace950 Exception <a 'java/lang/NoSuchMethodError'{0x00000000feccd4d8}: 'int java.lang.invoke.DirectMethodHandle$Holder.invokeVirtual(java.lang.Object, java.lang.Object, java.lang.Object)'> (0x00000000feccd4d8) 
thrown [s\src\hotspot\share\interpreter\linkResolver.cpp, line 759]
Event: 1.543 Thread 0x0000012180ace950 Exception <a 'java/lang/NoSuchMethodError'{0x00000000fe920cd8}: 'java.lang.Object java.lang.invoke.DirectMethodHandle$Holder.invokeSpecialIFC(java.lang.Object, java.lang.Object, java.lang.Object, java.lang.Object)'> (0x00000000fe920cd8) 
thrown [s\src\hotspot\share\interpreter\linkResolver.cpp, line 759]
Event: 1.577 Thread 0x0000012180ace950 Exception <a 'java/lang/NoSuchMethodError'{0x00000000fe4ea6e8}: 'java.lang.Object java.lang.invoke.DirectMethodHandle$Holder.invokeStaticInit(java.lang.Object, int, int, int, int)'> (0x00000000fe4ea6e8) 
thrown [s\src\hotspot\share\interpreter\linkResolver.cpp, line 759]
Event: 1.637 Thread 0x0000012180ace950 Exception <a 'java/lang/NoSuchMethodError'{0x00000000fe3c47b0}: 'java.lang.Object java.lang.invoke.DirectMethodHandle$Holder.invokeStaticInit(java.lang.Object, java.lang.Object, int, int, int, int)'> (0x00000000fe3c47b0) 
thrown [s\src\hotspot\share\interpreter\linkResolver.cpp, line 759]
Event: 1.902 Thread 0x0000012180ace950 Exception <a 'java/lang/NoSuchMethodError'{0x00000000fe3f9790}: 'void java.lang.invoke.DirectMethodHandle$Holder.invokeStatic(java.lang.Object, java.lang.Object, java.lang.Object)'> (0x00000000fe3f9790) 
thrown [s\src\hotspot\share\interpreter\linkResolver.cpp, line 759]
Event: 2.188 Thread 0x00000121e30ac6f0 Exception <a 'java/lang/NoSuchMethodError'{0x00000000ff891708}: 'void java.lang.invoke.DirectMethodHandle$Holder.invokeStatic(java.lang.Object, long)'> (0x00000000ff891708) 
thrown [s\src\hotspot\share\interpreter\linkResolver.cpp, line 759]
Event: 2.189 Thread 0x00000121e30ac6f0 Exception <a 'java/lang/NoSuchMethodError'{0x00000000ff897060}: 'java.lang.Object java.lang.invoke.DirectMethodHandle$Holder.newInvokeSpecial(java.lang.Object, long)'> (0x00000000ff897060) 
thrown [s\src\hotspot\share\interpreter\linkResolver.cpp, line 759]
Event: 2.191 Thread 0x00000121e30ac6f0 Exception <a 'java/lang/NoSuchMethodError'{0x00000000ff8a1c78}: 'java.lang.Object java.lang.invoke.DirectMethodHandle$Holder.invokeStaticInit(java.lang.Object, java.lang.Object, long, java.lang.Object)'> (0x00000000ff8a1c78) 
thrown [s\src\hotspot\share\interpreter\linkResolver.cpp, line 759]
Event: 2.191 Thread 0x00000121e30ac6f0 Exception <a 'java/lang/NoSuchMethodError'{0x00000000ff8a8300}: 'java.lang.Object java.lang.invoke.DirectMethodHandle$Holder.newInvokeSpecial(java.lang.Object, java.lang.Object, long)'> (0x00000000ff8a8300) 
thrown [s\src\hotspot\share\interpreter\linkResolver.cpp, line 759]
Event: 2.192 Thread 0x00000121e30ac6f0 Exception <a 'java/lang/NoSuchMethodError'{0x00000000ff8ac5f0}: 'java.lang.Object java.lang.invoke.Invokers$Holder.linkToTargetMethod(java.lang.Object, long, java.lang.Object)'> (0x00000000ff8ac5f0) 
thrown [s\src\hotspot\share\interpreter\linkResolver.cpp, line 759]
Event: 72.350 Thread 0x0000012180ace950 Exception <a 'sun/net/ConnectionResetException'{0x00000000ff435ce8}: Connection reset> (0x00000000ff435ce8) 
thrown [s\src\hotspot\share\prims\jni.cpp, line 535]
Event: 72.362 Thread 0x0000012180ace950 Exception <a 'java/lang/NoSuchMethodError'{0x00000000ff481080}: 'int java.lang.invoke.DirectMethodHandle$Holder.invokeVirtual(java.lang.Object, java.lang.Object)'> (0x00000000ff481080) 
thrown [s\src\hotspot\share\interpreter\linkResolver.cpp, line 759]
Event: 72.364 Thread 0x0000012180ace950 Exception <a 'java/io/IOException'{0x00000000ff491060}: Connection reset by peer> (0x00000000ff491060) 
thrown [s\src\hotspot\share\prims\jni.cpp, line 535]

VM Operations (20 events):
Event: 26.273 Executing VM operation: Cleanup
Event: 26.273 Executing VM operation: Cleanup done
Event: 27.284 Executing VM operation: Cleanup
Event: 27.284 Executing VM operation: Cleanup done
Event: 31.324 Executing VM operation: Cleanup
Event: 31.324 Executing VM operation: Cleanup done
Event: 33.339 Executing VM operation: Cleanup
Event: 33.340 Executing VM operation: Cleanup done
Event: 40.412 Executing VM operation: Cleanup
Event: 40.412 Executing VM operation: Cleanup done
Event: 44.438 Executing VM operation: Cleanup
Event: 44.438 Executing VM operation: Cleanup done
Event: 53.518 Executing VM operation: Cleanup
Event: 53.518 Executing VM operation: Cleanup done
Event: 54.523 Executing VM operation: Cleanup
Event: 54.523 Executing VM operation: Cleanup done
Event: 60.163 Executing VM operation: HandshakeAllThreads
Event: 60.163 Executing VM operation: HandshakeAllThreads done
Event: 63.187 Executing VM operation: Cleanup
Event: 63.187 Executing VM operation: Cleanup done

Memory protections (0 events):
No events

Nmethod flushes (0 events):
No events

Events (20 events):
Event: 0.054 Thread 0x0000012180ace950 Thread added: 0x000001219c846850
Event: 0.054 Thread 0x0000012180ace950 Thread added: 0x000001219c847d80
Event: 0.054 Thread 0x0000012180ace950 Thread added: 0x000001219c84a690
Event: 0.054 Thread 0x0000012180ace950 Thread added: 0x000001219c84b8c0
Event: 0.054 Thread 0x0000012180ace950 Thread added: 0x000001219c84d960
Event: 0.073 Thread 0x0000012180ace950 Thread added: 0x000001219c999a00
Event: 0.076 Thread 0x0000012180ace950 Thread added: 0x000001219c9a4b60
Event: 0.894 Thread 0x000001219c84b8c0 Thread added: 0x000001219cacce70
Event: 0.899 Thread 0x000001219c84b8c0 Thread added: 0x000001219cb0f8a0
Event: 1.382 Thread 0x0000012180ace950 Thread added: 0x00000121e2fea030
Event: 1.627 Thread 0x000001219cb0f8a0 Thread exited: 0x000001219cb0f8a0
Event: 1.895 Thread 0x000001219cacce70 Thread exited: 0x000001219cacce70
Event: 1.961 Thread 0x000001219c84b8c0 Thread added: 0x00000121e302f010
Event: 2.168 Thread 0x0000012180ace950 Thread added: 0x00000121e30ac6f0
Event: 2.197 Thread 0x00000121e30ac6f0 Thread added: 0x00000121e30b26f0
Event: 2.198 Thread 0x00000121e30ac6f0 Thread added: 0x00000121e30b6640
Event: 2.218 Thread 0x00000121e30b26f0 Thread exited: 0x00000121e30b26f0
Event: 2.496 Thread 0x00000121e302f010 Thread exited: 0x00000121e302f010
Event: 8.976 Thread 0x00000121e30b6640 Thread exited: 0x00000121e30b6640
Event: 8.976 Thread 0x00000121e30ac6f0 Thread exited: 0x00000121e30ac6f0


Dynamic libraries:
0x00007ff7d2bc0000 - 0x00007ff7d2bce000 	C:\Program Files\Microsoft\jdk-17.0.13.11-hotspot\bin\java.exe
0x00007ffe36640000 - 0x00007ffe368a3000 	C:\WINDOWS\SYSTEM32\ntdll.dll
0x00007ffe35a50000 - 0x00007ffe35b17000 	C:\WINDOWS\System32\KERNEL32.DLL
0x00007ffe339c0000 - 0x00007ffe33d89000 	C:\WINDOWS\System32\KERNELBASE.dll
0x00007ffe34100000 - 0x00007ffe3424c000 	C:\WINDOWS\System32\ucrtbase.dll
0x00007ffdcc4f0000 - 0x00007ffdcc507000 	C:\Program Files\Microsoft\jdk-17.0.13.11-hotspot\bin\jli.dll
0x00007ffdec2d0000 - 0x00007ffdec2ed000 	C:\Program Files\Microsoft\jdk-17.0.13.11-hotspot\bin\VCRUNTIME140.dll
0x00007ffe35880000 - 0x00007ffe35a4a000 	C:\WINDOWS\System32\USER32.dll
0x00007ffe156c0000 - 0x00007ffe15950000 	C:\WINDOWS\WinSxS\amd64_microsoft.windows.common-controls_6595b64144ccf1df_6.0.26100.3323_none_3e088096e3344490\COMCTL32.dll
0x00007ffe35120000 - 0x00007ffe351c9000 	C:\WINDOWS\System32\msvcrt.dll
0x00007ffe35280000 - 0x00007ffe352aa000 	C:\WINDOWS\System32\GDI32.dll
0x00007ffe33810000 - 0x00007ffe33837000 	C:\WINDOWS\System32\win32u.dll
0x00007ffe342f0000 - 0x00007ffe34421000 	C:\WINDOWS\System32\gdi32full.dll
0x00007ffe34050000 - 0x00007ffe340f3000 	C:\WINDOWS\System32\msvcp_win.dll
0x00007ffe36360000 - 0x00007ffe3638f000 	C:\WINDOWS\System32\IMM32.DLL
0x00007ffe050d0000 - 0x00007ffe050dc000 	C:\Program Files\Microsoft\jdk-17.0.13.11-hotspot\bin\vcruntime140_1.dll
0x00007ffda5690000 - 0x00007ffda571d000 	C:\Program Files\Microsoft\jdk-17.0.13.11-hotspot\bin\msvcp140.dll
0x00007ffd98f80000 - 0x00007ffd99bf1000 	C:\Program Files\Microsoft\jdk-17.0.13.11-hotspot\bin\server\jvm.dll
0x00007ffe34430000 - 0x00007ffe344e2000 	C:\WINDOWS\System32\ADVAPI32.dll
0x00007ffe35510000 - 0x00007ffe355b6000 	C:\WINDOWS\System32\sechost.dll
0x00007ffe35760000 - 0x00007ffe35876000 	C:\WINDOWS\System32\RPCRT4.dll
0x00007ffe35090000 - 0x00007ffe35104000 	C:\WINDOWS\System32\WS2_32.dll
0x00007ffe18ca0000 - 0x00007ffe18cd6000 	C:\WINDOWS\SYSTEM32\WINMM.dll
0x00007ffe28c70000 - 0x00007ffe28c7b000 	C:\WINDOWS\SYSTEM32\VERSION.dll
0x00007ffe32470000 - 0x00007ffe324be000 	C:\WINDOWS\SYSTEM32\POWRPROF.dll
0x00007ffe32450000 - 0x00007ffe32464000 	C:\WINDOWS\SYSTEM32\UMPDC.dll
0x00007ffe32740000 - 0x00007ffe3275a000 	C:\WINDOWS\SYSTEM32\kernel.appcore.dll
0x00007ffdffc40000 - 0x00007ffdffc4a000 	C:\Program Files\Microsoft\jdk-17.0.13.11-hotspot\bin\jimage.dll
0x00007ffe30f30000 - 0x00007ffe31171000 	C:\WINDOWS\SYSTEM32\DBGHELP.DLL
0x00007ffe34d00000 - 0x00007ffe35082000 	C:\WINDOWS\System32\combase.dll
0x00007ffe360a0000 - 0x00007ffe36176000 	C:\WINDOWS\System32\OLEAUT32.dll
0x00007ffe0fc60000 - 0x00007ffe0fc99000 	C:\WINDOWS\SYSTEM32\dbgcore.DLL
0x00007ffe34250000 - 0x00007ffe342e9000 	C:\WINDOWS\System32\bcryptPrimitives.dll
0x00007ffda5660000 - 0x00007ffda5685000 	C:\Program Files\Microsoft\jdk-17.0.13.11-hotspot\bin\java.dll
0x00007ffda4e20000 - 0x00007ffda4ef7000 	C:\Program Files\Microsoft\jdk-17.0.13.11-hotspot\bin\jsvml.dll
0x00007ffe345e0000 - 0x00007ffe34cf5000 	C:\WINDOWS\System32\SHELL32.dll
0x00007ffe33e50000 - 0x00007ffe33fb8000 	C:\WINDOWS\System32\wintypes.dll
0x00007ffe314c0000 - 0x00007ffe31d05000 	C:\WINDOWS\SYSTEM32\windows.storage.dll
0x00007ffe344f0000 - 0x00007ffe345db000 	C:\WINDOWS\System32\SHCORE.dll
0x00007ffe356e0000 - 0x00007ffe3573d000 	C:\WINDOWS\System32\shlwapi.dll
0x00007ffe33720000 - 0x00007ffe3374f000 	C:\WINDOWS\SYSTEM32\profapi.dll
0x00007ffdc9750000 - 0x00007ffdc976a000 	C:\Program Files\Microsoft\jdk-17.0.13.11-hotspot\bin\net.dll
0x00007ffe2baf0000 - 0x00007ffe2bc0e000 	C:\WINDOWS\SYSTEM32\WINHTTP.dll
0x00007ffe32c60000 - 0x00007ffe32cca000 	C:\WINDOWS\system32\mswsock.dll
0x00007ffdc5f70000 - 0x00007ffdc5f86000 	C:\Program Files\Microsoft\jdk-17.0.13.11-hotspot\bin\nio.dll
0x00007ffdc57c0000 - 0x00007ffdc57d8000 	C:\Program Files\Microsoft\jdk-17.0.13.11-hotspot\bin\zip.dll
0x00007ffdff800000 - 0x00007ffdff810000 	C:\Program Files\Microsoft\jdk-17.0.13.11-hotspot\bin\verify.dll
0x00007ffda5630000 - 0x00007ffda5657000 	C:\Users\theju\.gradle\native\c067742578af261105cb4f569cf0c3c89f3d7b1fecec35dd04571415982c5e48\windows-amd64\native-platform.dll
0x00007ffdfadc0000 - 0x00007ffdfadca000 	C:\Program Files\Microsoft\jdk-17.0.13.11-hotspot\bin\management.dll
0x00007ffdf9ec0000 - 0x00007ffdf9ecb000 	C:\Program Files\Microsoft\jdk-17.0.13.11-hotspot\bin\management_ext.dll
0x00007ffe35740000 - 0x00007ffe35748000 	C:\WINDOWS\System32\PSAPI.DLL
0x00007ffe32f00000 - 0x00007ffe32f1c000 	C:\WINDOWS\SYSTEM32\CRYPTSP.dll
0x00007ffe32680000 - 0x00007ffe326ba000 	C:\WINDOWS\system32\rsaenh.dll
0x00007ffe32d00000 - 0x00007ffe32d2b000 	C:\WINDOWS\SYSTEM32\USERENV.dll
0x00007ffe330d0000 - 0x00007ffe330f6000 	C:\WINDOWS\SYSTEM32\bcrypt.dll
0x00007ffe32f20000 - 0x00007ffe32f2c000 	C:\WINDOWS\SYSTEM32\CRYPTBASE.dll
0x00007ffe32090000 - 0x00007ffe320c3000 	C:\WINDOWS\SYSTEM32\IPHLPAPI.DLL
0x00007ffe35b20000 - 0x00007ffe35b2a000 	C:\WINDOWS\System32\NSI.dll
0x00007ffe2cbc0000 - 0x00007ffe2cbdf000 	C:\WINDOWS\SYSTEM32\dhcpcsvc6.DLL
0x00007ffe2cb90000 - 0x00007ffe2cbb5000 	C:\WINDOWS\SYSTEM32\dhcpcsvc.DLL
0x00007ffe320d0000 - 0x00007ffe321f5000 	C:\WINDOWS\SYSTEM32\DNSAPI.dll
0x00007ffdf9e20000 - 0x00007ffdf9e29000 	C:\Program Files\Microsoft\jdk-17.0.13.11-hotspot\bin\extnet.dll
0x00007ffdf7110000 - 0x00007ffdf711e000 	C:\Program Files\Microsoft\jdk-17.0.13.11-hotspot\bin\sunmscapi.dll
0x00007ffe33840000 - 0x00007ffe339b7000 	C:\WINDOWS\System32\CRYPT32.dll
0x00007ffe33090000 - 0x00007ffe330c0000 	C:\WINDOWS\SYSTEM32\ncrypt.dll
0x00007ffe33040000 - 0x00007ffe3307f000 	C:\WINDOWS\SYSTEM32\NTASN1.dll
0x00007ffdefe10000 - 0x00007ffdefe18000 	C:\WINDOWS\system32\wshunix.dll

dbghelp: loaded successfully - version: 4.0.5 - missing functions: none
symbol engine: initialized successfully - sym options: 0x614 - pdb path: .;C:\Program Files\Microsoft\jdk-17.0.13.11-hotspot\bin;C:\WINDOWS\SYSTEM32;C:\WINDOWS\WinSxS\amd64_microsoft.windows.common-controls_6595b64144ccf1df_6.0.26100.3323_none_3e088096e3344490;C:\Program Files\Microsoft\jdk-17.0.13.11-hotspot\bin\server;C:\Users\theju\.gradle\native\c067742578af261105cb4f569cf0c3c89f3d7b1fecec35dd04571415982c5e48\windows-amd64

VM Arguments:
jvm_args: -Xmx64m -Xms64m -Dorg.gradle.appname=gradlew 
java_command: org.gradle.wrapper.GradleWrapperMain app:installDebug -PreactNativeDevServerPort=8081
java_class_path (initial): C:\Users\theju\OneDrive\Desktop\LocalHire\android\\gradle\wrapper\gradle-wrapper.jar
Launcher Type: SUN_STANDARD

[Global flags]
     intx CICompilerCount                          = 4                                         {product} {ergonomic}
     uint ConcGCThreads                            = 2                                         {product} {ergonomic}
     uint G1ConcRefinementThreads                  = 8                                         {product} {ergonomic}
   size_t G1HeapRegionSize                         = 1048576                                   {product} {ergonomic}
    uintx GCDrainStackTargetSize                   = 64                                        {product} {ergonomic}
   size_t InitialHeapSize                          = 67108864                                  {product} {command line}
   size_t MarkStackSize                            = 4194304                                   {product} {ergonomic}
   size_t MaxHeapSize                              = 67108864                                  {product} {command line}
   size_t MaxNewSize                               = 39845888                                  {product} {ergonomic}
   size_t MinHeapDeltaBytes                        = 1048576                                   {product} {ergonomic}
   size_t MinHeapSize                              = 67108864                                  {product} {command line}
    uintx NonNMethodCodeHeapSize                   = 5839372                                {pd product} {ergonomic}
    uintx NonProfiledCodeHeapSize                  = 122909434                              {pd product} {ergonomic}
    uintx ProfiledCodeHeapSize                     = 122909434                              {pd product} {ergonomic}
    uintx ReservedCodeCacheSize                    = 251658240                              {pd product} {ergonomic}
     bool SegmentedCodeCache                       = true                                      {product} {ergonomic}
   size_t SoftMaxHeapSize                          = 67108864                               {manageable} {ergonomic}
     bool UseCompressedClassPointers               = true                           {product lp64_product} {ergonomic}
     bool UseCompressedOops                        = true                           {product lp64_product} {ergonomic}
     bool UseG1GC                                  = true                                      {product} {ergonomic}
     bool UseLargePagesIndividualAllocation        = false                                  {pd product} {ergonomic}

Logging:
Log output configuration:
 #0: stdout all=warning uptime,level,tags
 #1: stderr all=off uptime,level,tags

Environment Variables:
JAVA_HOME=C:\Program Files\Microsoft\jdk-17.0.13.11-hotspot\
CLASSPATH=C:\Users\theju\OneDrive\Desktop\LocalHire\android\\gradle\wrapper\gradle-wrapper.jar
PATH=C:\Users\theju\OneDrive\Desktop\LocalHire\node_modules\.bin;C:\Users\theju\OneDrive\Desktop\LocalHire\node_modules\.bin;C:\Users\theju\OneDrive\Desktop\node_modules\.bin;C:\Users\theju\OneDrive\node_modules\.bin;C:\Users\theju\node_modules\.bin;C:\Users\node_modules\.bin;C:\node_modules\.bin;C:\Users\theju\AppData\Roaming\npm\node_modules\npm\node_modules\@npmcli\run-script\lib\node-gyp-bin;C:\Users\theju\OneDrive\Desktop\LocalHire\node_modules\.bin;C:\Users\theju\OneDrive\Desktop\LocalHire\node_modules\.bin;C:\Users\theju\OneDrive\Desktop\node_modules\.bin;C:\Users\theju\OneDrive\node_modules\.bin;C:\Users\theju\node_modules\.bin;C:\Users\node_modules\.bin;C:\node_modules\.bin;C:\Users\theju\AppData\Roaming\npm\node_modules\npm\node_modules\@npmcli\run-script\lib\node-gyp-bin;C:\Program Files\Microsoft\jdk-17.0.13.11-hotspot\bin;C:\Python312\Scripts\;C:\Python312\;C:\Program Files\Common Files\Oracle\Java\javapath;C:\windows\system32;C:\windows;C:\windows\System32\Wbem;C:\windows\System32\WindowsPowerShell\v1.0\;C:\windows\System32\OpenSSH\;C:\Program Files (x86)\NVIDIA Corporation\PhysX\Common;C:\Program Files\NVIDIA Corporation\NVIDIA NvDLISR;C:\WINDOWS\system32;C:\WINDOWS;C:\WINDOWS\System32\Wbem;C:\WINDOWS\System32\WindowsPowerShell\v1.0\;C:\WINDOWS\System32\OpenSSH\;C:\Program Files\Java\jdk-21\bin;C:\Program Files\HP\HP One Agent;C:\ProgramData\chocolatey\bin;C:\ProgramData\Microsoft\Windows\Start Menu\Programs\Node.js;C:\Program Files\Microsoft SQL Server\150\Tools\Binn\;C:\Program Files\Microsoft SQL Server\Client SDK\ODBC\170\Tools\Binn\;C:\Program Files\dotnet\;C:\xampp\php;C:\ProgramData\ComposerSetup\bin;C:\WINDOWS\system32;C:\WINDOWS;C:\WINDOWS\System32\Wbem;C:\WINDOWS\System32\WindowsPowerShell\v1.0\;C:\WINDOWS\System32\OpenSSH\;C:\Program Files\nodejs\;%LOCALAPPDATA%\Android\Sdk\platform-tools;C:\Program Files\nodejs;C:\Program Files\Java\jdk-21;C:\Users\theju\AppData\Local\Android\Sdk;%LOCALAPPDATA%\Android\Sdk\platform-tools;C:\Program Files\Git\
USERNAME=theju
OS=Windows_NT
PROCESSOR_IDENTIFIER=Intel64 Family 6 Model 140 Stepping 1, GenuineIntel
TMP=C:\Users\theju\AppData\Local\Temp
TEMP=C:\Users\theju\AppData\Local\Temp



Periodic native trim disabled


---------------  S Y S T E M  ---------------

OS:
 Windows 11 , 64 bit Build 26100 (10.0.26100.3323)
OS uptime: 2 days 0:48 hours
Hyper-V role detected

CPU: total 8 (initial active 8) (4 cores per cpu, 2 threads per core) family 6 model 140 stepping 1 microcode 0xa6, cx8, cmov, fxsr, ht, mmx, 3dnowpref, sse, sse2, sse3, ssse3, sse4.1, sse4.2, popcnt, lzcnt, tsc, tscinvbit, avx, avx2, aes, erms, clmul, bmi1, bmi2, adx, avx512f, avx512dq, avx512cd, avx512bw, avx512vl, sha, fma, vzeroupper, avx512_vpopcntdq, avx512_vpclmulqdq, avx512_vaes, avx512_vnni, clflush, clflushopt, clwb, avx512_vbmi2, avx512_vbmi, hv
Processor Information for the first 8 processors :
  Max Mhz: 3302, Current Mhz: 3302, Mhz Limit: 3302

Memory: 4k page, system-wide physical 16129M (1239M free)
TotalPageFile size 21954M (AvailPageFile size 339M)
current process WorkingSet (physical memory assigned to process): 108M, peak: 114M
current process commit charge ("private bytes"): 168M, peak: 175M

vm_info: OpenJDK 64-Bit Server VM (17.0.13+11-LTS) for windows-amd64 JRE (17.0.13+11-LTS), built on Oct 11 2024 23:25:05 by "MicrosoftCorporation" with unknown MS VC++:1939

END.
